mode: set
github.com/jabakot/decode-bencode/decoder-stack.go:28.46,31.2 2 1
github.com/jabakot/decode-bencode/decoder-stack.go:33.46,36.2 2 1
github.com/jabakot/decode-bencode/decoder-stack.go:38.41,40.2 1 1
github.com/jabakot/decode-bencode/decoder-stack.go:42.48,44.12 2 1
github.com/jabakot/decode-bencode/decoder-stack.go:44.12,46.3 1 1
github.com/jabakot/decode-bencode/decoder-stack.go:47.2,49.20 3 1
github.com/jabakot/decode-bencode/decoder-stack.go:53.81,54.28 1 1
github.com/jabakot/decode-bencode/decoder-stack.go:54.28,56.3 1 1
github.com/jabakot/decode-bencode/decoder-stack.go:57.2,59.42 3 1
github.com/jabakot/decode-bencode/decoder-stack.go:59.42,62.14 2 1
github.com/jabakot/decode-bencode/decoder-stack.go:62.14,64.4 1 1
github.com/jabakot/decode-bencode/decoder-stack.go:66.3,66.30 1 1
github.com/jabakot/decode-bencode/decoder-stack.go:69.2,69.18 1 1
github.com/jabakot/decode-bencode/decoder-stack.go:72.42,76.31 3 1
github.com/jabakot/decode-bencode/decoder-stack.go:76.31,78.17 2 1
github.com/jabakot/decode-bencode/decoder-stack.go:78.17,80.4 1 0
github.com/jabakot/decode-bencode/decoder-stack.go:82.3,82.23 1 1
github.com/jabakot/decode-bencode/decoder-stack.go:82.23,85.18 2 1
github.com/jabakot/decode-bencode/decoder-stack.go:85.18,87.5 1 1
github.com/jabakot/decode-bencode/decoder-stack.go:88.4,90.15 3 1
github.com/jabakot/decode-bencode/decoder-stack.go:91.9,91.30 1 1
github.com/jabakot/decode-bencode/decoder-stack.go:91.30,96.4 4 1
github.com/jabakot/decode-bencode/decoder-stack.go:96.9,98.4 1 1
github.com/jabakot/decode-bencode/decoder-stack.go:101.2,101.20 1 1
github.com/jabakot/decode-bencode/decoder-stack.go:101.20,103.3 1 1
github.com/jabakot/decode-bencode/decoder-stack.go:105.2,105.12 1 1
github.com/jabakot/decode-bencode/decoder.go:13.64,16.26 2 1
github.com/jabakot/decode-bencode/decoder.go:16.26,18.3 1 1
github.com/jabakot/decode-bencode/decoder.go:20.2,20.39 1 1
github.com/jabakot/decode-bencode/decoder.go:20.39,21.20 1 1
github.com/jabakot/decode-bencode/decoder.go:21.20,23.4 1 1
github.com/jabakot/decode-bencode/decoder.go:26.2,26.18 1 1
github.com/jabakot/decode-bencode/decoder.go:29.42,33.16 3 1
github.com/jabakot/decode-bencode/decoder.go:33.16,35.3 1 1
github.com/jabakot/decode-bencode/decoder.go:37.2,37.17 1 1
github.com/jabakot/decode-bencode/decoder.go:40.55,41.40 1 1
github.com/jabakot/decode-bencode/decoder.go:41.40,43.3 1 1
github.com/jabakot/decode-bencode/decoder.go:45.2,49.23 4 1
github.com/jabakot/decode-bencode/decoder.go:49.23,50.21 1 1
github.com/jabakot/decode-bencode/decoder.go:51.27,57.18 4 1
github.com/jabakot/decode-bencode/decoder.go:57.18,59.5 1 1
github.com/jabakot/decode-bencode/decoder.go:61.4,63.28 2 1
github.com/jabakot/decode-bencode/decoder.go:63.28,66.5 2 1
github.com/jabakot/decode-bencode/decoder.go:68.4,69.15 2 1
github.com/jabakot/decode-bencode/decoder.go:71.28,73.7 2 1
github.com/jabakot/decode-bencode/decoder.go:75.28,77.7 2 1
github.com/jabakot/decode-bencode/decoder.go:79.29,80.24 1 1
github.com/jabakot/decode-bencode/decoder.go:80.24,83.25 2 1
github.com/jabakot/decode-bencode/decoder.go:83.25,86.6 2 0
github.com/jabakot/decode-bencode/decoder.go:88.4,88.7 1 1
github.com/jabakot/decode-bencode/decoder.go:90.11,91.36 1 1
github.com/jabakot/decode-bencode/decoder.go:91.36,93.5 1 0
github.com/jabakot/decode-bencode/decoder.go:95.4,98.30 3 1
github.com/jabakot/decode-bencode/decoder.go:98.30,100.5 1 0
github.com/jabakot/decode-bencode/decoder.go:102.4,103.37 2 1
github.com/jabakot/decode-bencode/decoder.go:103.37,106.5 2 0
github.com/jabakot/decode-bencode/decoder.go:108.4,108.67 1 1
github.com/jabakot/decode-bencode/decoder.go:108.67,110.5 1 1
github.com/jabakot/decode-bencode/decoder.go:112.4,116.29 4 1
github.com/jabakot/decode-bencode/decoder.go:116.29,119.5 2 1
github.com/jabakot/decode-bencode/decoder.go:121.4,124.21 3 1
github.com/jabakot/decode-bencode/decoder.go:128.2,128.20 1 1
github.com/jabakot/decode-bencode/decoder.go:128.20,130.3 1 1
github.com/jabakot/decode-bencode/decoder.go:132.2,134.16 2 1
github.com/jabakot/decode-bencode/decoder.go:134.16,136.3 1 0
github.com/jabakot/decode-bencode/decoder.go:138.2,138.16 1 1
github.com/jabakot/decode-bencode/encoders.go:11.43,12.16 1 1
github.com/jabakot/decode-bencode/encoders.go:12.16,14.3 1 1
github.com/jabakot/decode-bencode/encoders.go:15.2,15.40 1 1
github.com/jabakot/decode-bencode/encoders.go:18.41,20.2 1 1
github.com/jabakot/decode-bencode/encoders.go:22.43,24.20 1 1
github.com/jabakot/decode-bencode/encoders.go:24.20,26.3 1 0
github.com/jabakot/decode-bencode/encoders.go:28.2,29.25 2 1
github.com/jabakot/decode-bencode/encoders.go:29.25,33.15 3 1
github.com/jabakot/decode-bencode/encoders.go:34.37,36.10 2 1
github.com/jabakot/decode-bencode/encoders.go:36.10,38.5 1 1
github.com/jabakot/decode-bencode/encoders.go:38.11,40.5 0 0
github.com/jabakot/decode-bencode/encoders.go:41.20,42.63 1 1
github.com/jabakot/decode-bencode/encoders.go:43.23,44.60 1 1
github.com/jabakot/decode-bencode/encoders.go:45.20,47.10 2 1
github.com/jabakot/decode-bencode/encoders.go:47.10,49.5 1 1
github.com/jabakot/decode-bencode/encoders.go:49.10,51.5 1 0
github.com/jabakot/decode-bencode/encoders.go:53.11,54.48 1 0
github.com/jabakot/decode-bencode/encoders.go:58.2,60.13 2 1
github.com/jabakot/decode-bencode/encoders.go:63.52,66.20 2 1
github.com/jabakot/decode-bencode/encoders.go:66.20,68.3 1 1
github.com/jabakot/decode-bencode/encoders.go:70.2,72.27 2 1
github.com/jabakot/decode-bencode/encoders.go:72.27,76.15 4 1
github.com/jabakot/decode-bencode/encoders.go:77.37,79.10 2 1
github.com/jabakot/decode-bencode/encoders.go:79.10,82.5 2 1
github.com/jabakot/decode-bencode/encoders.go:82.10,84.5 1 0
github.com/jabakot/decode-bencode/encoders.go:85.20,87.65 2 1
github.com/jabakot/decode-bencode/encoders.go:88.23,90.62 2 1
github.com/jabakot/decode-bencode/encoders.go:91.20,93.10 2 1
github.com/jabakot/decode-bencode/encoders.go:93.10,96.5 2 1
github.com/jabakot/decode-bencode/encoders.go:96.10,98.5 1 0
github.com/jabakot/decode-bencode/encoders.go:99.11,100.61 1 0
github.com/jabakot/decode-bencode/encoders.go:105.2,107.13 2 1
